2025-04-25 10:03:41,738 [INFO] Создана запись о клиенте #1. Имя: Алиса Иванова. Возраст: 28
2025-04-25 10:03:41,738 [INFO] Создана запись о клиенте #2. Имя: Борис Смирнов. Возраст: 45
2025-04-25 10:03:41,738 [INFO] Создана комната #101. Тип: Стандарт. Вместимость: 2. Цена за ночь: 3500.0
2025-04-25 10:03:41,738 [INFO] Создана комната #102. Тип: Люкс. Вместимость: 3. Цена за ночь: 5200.0
2025-04-25 10:03:41,738 [INFO] Создана комната #103. Тип: Апартаменты. Вместимость: 5. Цена за ночь: 8000.0
2025-04-25 10:03:41,738 [INFO] Онлайн: проверка доступности номера через веб-интерфейс
2025-04-25 10:03:41,754 [INFO] Создано новое бронирование #1
2025-04-25 10:03:41,754 [INFO] Онлайн: создано бронирование #1 через сайт
2025-04-25 10:03:41,755 [INFO] Онлайн: бронирование #1 подтверждено
2025-04-25 10:03:41,755 [INFO] Добавлена услуга Завтрак за 800.0₽
2025-04-25 10:03:41,755 [INFO] Добавлена услуга Поздний выезд за 1200.0₽
2025-04-25 10:03:41,755 [INFO] Рассчитана итоговая стоимость бронирования: 17000.0₽
2025-04-25 10:03:41,760 [INFO] Рассчитана итоговая стоимость бронирования: 17000.0₽
2025-04-25 10:03:41,760 [INFO] Сгенерирован отчет по бронированию #1
2025-04-25 10:03:41,768 [INFO] Создана цепочка запросов
2025-04-25 10:03:41,768 [INFO] Оффлайн: проверка доступности номера при личном обращении
2025-04-25 10:03:41,768 [INFO] Создано новое бронирование #2
2025-04-25 10:03:41,768 [INFO] Оффлайн: ручное бронирование #2 на стойке регистрации
2025-04-25 10:03:41,768 [INFO] Оффлайн: бронирование #2 подтверждено
2025-04-25 10:03:41,768 [INFO] Добавлена услуга Трансфер за 2000.0₽
2025-04-25 10:03:41,770 [INFO] Добавлена услуга Прачечная за 600.0₽
2025-04-25 10:03:41,770 [INFO] Услуга 'Прачечная' удалена
2025-04-25 10:03:41,770 [INFO] Рассчитана итоговая стоимость бронирования: 38000.0₽
2025-04-25 10:03:41,776 [INFO] Рассчитана итоговая стоимость бронирования: 38000.0₽
2025-04-25 10:03:41,780 [INFO] Сгенерирован отчет по бронированию #2
2025-04-25 10:03:41,786 [INFO] Создана запись о клиенте #1. Имя: Алиса Иванова. Возраст: 28
2025-04-25 10:03:41,787 [INFO] Создана комната #101. Тип: Стандарт. Вместимость: 2. Цена за ночь: 3500.0
2025-04-25 10:03:41,788 [INFO] Создано новое бронирование #1
2025-04-25 10:03:41,790 [INFO] Создана запись о клиенте #2. Имя: Борис Смирнов. Возраст: 45
2025-04-25 10:03:41,790 [INFO] Создана комната #103. Тип: Апартаменты. Вместимость: 5. Цена за ночь: 8000.0
2025-04-25 10:03:41,790 [INFO] Создано новое бронирование #2
2025-04-25 10:03:41,793 [INFO] Рассчитана итоговая стоимость бронирования: 15000.0₽
2025-04-25 10:03:41,793 [INFO] Сгенерирован отчет по бронированию #1
2025-04-25 10:03:41,794 [INFO] Рассчитана итоговая стоимость бронирования: 36000.0₽
2025-04-25 10:03:41,795 [INFO] Сгенерирован отчет по бронированию #2